<?xml version="1.0" encoding="UTF-8" ?>
<testsuite failures="0" time="3.009" errors="0" skipped="0" tests="1" name="edu.upc.galaxy.test.UsuarioDaoTest">
  <properties>
    <property name="java.runtime.name" value="Java(TM) SE Runtime Environment"/>
    <property name="sun.boot.library.path" value="C:\Program Files\Java\jdk1.7.0_05\jre\bin"/>
    <property name="java.vm.version" value="23.1-b03"/>
    <property name="java.vm.vendor" value="Oracle Corporation"/>
    <property name="java.vendor.url" value="http://java.oracle.com/"/>
    <property name="path.separator" value=";"/>
    <property name="java.vm.name" value="Java HotSpot(TM) Client VM"/>
    <property name="file.encoding.pkg" value="sun.io"/>
    <property name="user.script" value=""/>
    <property name="user.country" value="PE"/>
    <property name="sun.java.launcher" value="SUN_STANDARD"/>
    <property name="sun.os.patch.level" value=""/>
    <property name="java.vm.specification.name" value="Java Virtual Machine Specification"/>
    <property name="user.dir" value="C:\Users\USUARIO\SINSENIOR\sinsenior-webmvc1"/>
    <property name="java.runtime.version" value="1.7.0_05-b05"/>
    <property name="java.awt.graphicsenv" value="sun.awt.Win32GraphicsEnvironment"/>
    <property name="basedir" value="C:\Users\USUARIO\SINSENIOR\sinsenior-webmvc1"/>
    <property name="java.endorsed.dirs" value="C:\Program Files\Java\jdk1.7.0_05\jre\lib\endorsed"/>
    <property name="os.arch" value="x86"/>
    <property name="surefire.real.class.path" value="C:\Users\USUARIO\SINSENIOR\sinsenior-webmvc1\target\surefire\surefirebooter5069110940714775430.jar"/>
    <property name="java.io.tmpdir" value="C:\Users\USUARIO\AppData\Local\Temp\"/>
    <property name="line.separator" value="
"/>
    <property name="java.vm.specification.vendor" value="Oracle Corporation"/>
    <property name="user.variant" value=""/>
    <property name="os.name" value="Windows 7"/>
    <property name="sun.jnu.encoding" value="Cp1252"/>
    <property name="java.library.path" value="C:\Program Files\Java\jdk1.7.0_05\jre\bin;C:\Windows\Sun\Java\bin;C:\Windows\system32;C:\Windows;C:\Program Files\Common Files\Microsoft Shared\Windows Live;C:\Windows\system32;C:\Windows;C:\Windows\System32\Wbem;C:\Windows\System32\WindowsPowerShell\v1.0\;C:\Program Files\Windows Live\Shared;C:\Program Files\Rational\common;C:\Program Files\Rational\ClearCase\bin;C:\Program Files\QuickTime\QTSystem\;C:\Program Files\Common Files\Roxio Shared\DLLShared\;C:\Program Files\Common Files\Roxio Shared\DLLShared\;C:\Program Files\Common Files\Roxio Shared\9.0\DLLShared\;."/>
    <property name="surefire.test.class.path" value="C:\Users\USUARIO\SINSENIOR\sinsenior-webmvc1\target\test-classes;C:\Users\USUARIO\SINSENIOR\sinsenior-webmvc1\target\classes;C:\Users\USUARIO\.m2\repository\org\springframework\spring-core\3.0.5.RELEASE\spring-core-3.0.5.RELEASE.jar;C:\Users\USUARIO\.m2\repository\org\springframework\spring-asm\3.0.5.RELEASE\spring-asm-3.0.5.RELEASE.jar;C:\Users\USUARIO\.m2\repository\org\springframework\spring-test\3.0.5.RELEASE\spring-test-3.0.5.RELEASE.jar;C:\Users\USUARIO\.m2\repository\org\springframework\spring-web\3.0.5.RELEASE\spring-web-3.0.5.RELEASE.jar;C:\Users\USUARIO\.m2\repository\aopalliance\aopalliance\1.0\aopalliance-1.0.jar;C:\Users\USUARIO\.m2\repository\org\springframework\spring-beans\3.0.5.RELEASE\spring-beans-3.0.5.RELEASE.jar;C:\Users\USUARIO\.m2\repository\org\springframework\spring-context\3.0.5.RELEASE\spring-context-3.0.5.RELEASE.jar;C:\Users\USUARIO\.m2\repository\org\springframework\spring-webmvc\3.0.5.RELEASE\spring-webmvc-3.0.5.RELEASE.jar;C:\Users\USUARIO\.m2\repository\org\springframework\spring-expression\3.0.5.RELEASE\spring-expression-3.0.5.RELEASE.jar;C:\Users\USUARIO\.m2\repository\org\springframework\spring-jdbc\3.0.5.RELEASE\spring-jdbc-3.0.5.RELEASE.jar;C:\Users\USUARIO\.m2\repository\org\springframework\spring-tx\3.0.5.RELEASE\spring-tx-3.0.5.RELEASE.jar;C:\Users\USUARIO\.m2\repository\org\springframework\spring-orm\3.0.5.RELEASE\spring-orm-3.0.5.RELEASE.jar;C:\Users\USUARIO\.m2\repository\org\springframework\spring-context-support\3.0.5.RELEASE\spring-context-support-3.0.5.RELEASE.jar;C:\Users\USUARIO\.m2\repository\org\springframework\security\spring-security-core\3.0.5.RELEASE\spring-security-core-3.0.5.RELEASE.jar;C:\Users\USUARIO\.m2\repository\org\springframework\spring-aop\3.0.3.RELEASE\spring-aop-3.0.3.RELEASE.jar;C:\Users\USUARIO\.m2\repository\org\aspectj\aspectjrt\1.6.8\aspectjrt-1.6.8.jar;C:\Users\USUARIO\.m2\repository\org\aspectj\aspectjweaver\1.6.8\aspectjweaver-1.6.8.jar;C:\Users\USUARIO\.m2\repository\org\springframework\security\spring-security-config\3.0.5.RELEASE\spring-security-config-3.0.5.RELEASE.jar;C:\Users\USUARIO\.m2\repository\org\springframework\security\spring-security-web\3.0.5.RELEASE\spring-security-web-3.0.5.RELEASE.jar;C:\Users\USUARIO\.m2\repository\org\springframework\security\spring-security-taglibs\3.0.5.RELEASE\spring-security-taglibs-3.0.5.RELEASE.jar;C:\Users\USUARIO\.m2\repository\org\springframework\security\spring-security-acl\3.0.5.RELEASE\spring-security-acl-3.0.5.RELEASE.jar;C:\Users\USUARIO\.m2\repository\javax\enterprise\cdi-api\1.0-SP1\cdi-api-1.0-SP1.jar;C:\Users\USUARIO\.m2\repository\org\jboss\interceptor\jboss-interceptor-api\1.1\jboss-interceptor-api-1.1.jar;C:\Users\USUARIO\.m2\repository\javax\annotation\jsr250-api\1.0\jsr250-api-1.0.jar;C:\Users\USUARIO\.m2\repository\javax\inject\javax.inject\1\javax.inject-1.jar;C:\Users\USUARIO\.m2\repository\javax\servlet\servlet-api\2.5\servlet-api-2.5.jar;C:\Users\USUARIO\.m2\repository\javax\servlet\jsp\jsp-api\2.1\jsp-api-2.1.jar;C:\Users\USUARIO\.m2\repository\javax\servlet\jstl\1.1.2\jstl-1.1.2.jar;C:\Users\USUARIO\.m2\repository\taglibs\standard\1.1.2\standard-1.1.2.jar;C:\Users\USUARIO\.m2\repository\commons-collections\commons-collections\3.1\commons-collections-3.1.jar;C:\Users\USUARIO\.m2\repository\commons-dbcp\commons-dbcp\1.2.2\commons-dbcp-1.2.2.jar;C:\Users\USUARIO\.m2\repository\commons-pool\commons-pool\1.3\commons-pool-1.3.jar;C:\Users\USUARIO\.m2\repository\org\apache\tiles\tiles-api\2.1.4\tiles-api-2.1.4.jar;C:\Users\USUARIO\.m2\repository\commons-logging\commons-logging-api\1.1\commons-logging-api-1.1.jar;C:\Users\USUARIO\.m2\repository\org\apache\tiles\tiles-core\2.1.4\tiles-core-2.1.4.jar;C:\Users\USUARIO\.m2\repository\commons-digester\commons-digester\1.8.1\commons-digester-1.8.1.jar;C:\Users\USUARIO\.m2\repository\commons-beanutils\commons-beanutils\1.8.0\commons-beanutils-1.8.0.jar;C:\Users\USUARIO\.m2\repository\org\apache\tiles\tiles-jsp\2.1.4\tiles-jsp-2.1.4.jar;C:\Users\USUARIO\.m2\repository\org\apache\tiles\tiles-servlet\2.1.4\tiles-servlet-2.1.4.jar;C:\Users\USUARIO\.m2\repository\org\codehaus\jackson\jackson-mapper-asl\1.6.4\jackson-mapper-asl-1.6.4.jar;C:\Users\USUARIO\.m2\repository\org\codehaus\jackson\jackson-core-asl\1.6.4\jackson-core-asl-1.6.4.jar;C:\Users\USUARIO\.m2\repository\org\hsqldb\hsqldb\2.2.8\hsqldb-2.2.8.jar;C:\Users\USUARIO\.m2\repository\org\slf4j\slf4j-api\1.5.11\slf4j-api-1.5.11.jar;C:\Users\USUARIO\.m2\repository\org\slf4j\jcl-over-slf4j\1.5.11\jcl-over-slf4j-1.5.11.jar;C:\Users\USUARIO\.m2\repository\org\slf4j\slf4j-log4j12\1.5.11\slf4j-log4j12-1.5.11.jar;C:\Users\USUARIO\.m2\repository\log4j\log4j\1.2.16\log4j-1.2.16.jar;C:\Users\USUARIO\.m2\repository\junit\junit\4.8.2\junit-4.8.2.jar;C:\Users\USUARIO\.m2\repository\org\apache\cxf\cxf-rt-frontend-jaxws\2.2.1\cxf-rt-frontend-jaxws-2.2.1.jar;C:\Users\USUARIO\.m2\repository\xml-resolver\xml-resolver\1.2\xml-resolver-1.2.jar;C:\Users\USUARIO\.m2\repository\org\apache\geronimo\specs\geronimo-jaxws_2.1_spec\1.0\geronimo-jaxws_2.1_spec-1.0.jar;C:\Users\USUARIO\.m2\repository\org\apache\geronimo\specs\geronimo-activation_1.1_spec\1.0.2\geronimo-activation_1.1_spec-1.0.2.jar;C:\Users\USUARIO\.m2\repository\org\apache\geronimo\specs\geronimo-ws-metadata_2.0_spec\1.1.2\geronimo-ws-metadata_2.0_spec-1.1.2.jar;C:\Users\USUARIO\.m2\repository\asm\asm\2.2.3\asm-2.2.3.jar;C:\Users\USUARIO\.m2\repository\org\apache\cxf\cxf-api\2.2.1\cxf-api-2.2.1.jar;C:\Users\USUARIO\.m2\repository\org\apache\cxf\cxf-common-utilities\2.2.1\cxf-common-utilities-2.2.1.jar;C:\Users\USUARIO\.m2\repository\org\apache\geronimo\specs\geronimo-stax-api_1.0_spec\1.0.1\geronimo-stax-api_1.0_spec-1.0.1.jar;C:\Users\USUARIO\.m2\repository\wsdl4j\wsdl4j\1.6.2\wsdl4j-1.6.2.jar;C:\Users\USUARIO\.m2\repository\commons-lang\commons-lang\2.4\commons-lang-2.4.jar;C:\Users\USUARIO\.m2\repository\org\apache\ws\commons\schema\XmlSchema\1.4.5\XmlSchema-1.4.5.jar;C:\Users\USUARIO\.m2\repository\org\apache\geronimo\specs\geronimo-annotation_1.0_spec\1.1.1\geronimo-annotation_1.0_spec-1.1.1.jar;C:\Users\USUARIO\.m2\repository\org\codehaus\woodstox\wstx-asl\3.2.8\wstx-asl-3.2.8.jar;C:\Users\USUARIO\.m2\repository\org\apache\neethi\neethi\2.0.4\neethi-2.0.4.jar;C:\Users\USUARIO\.m2\repository\commons-logging\commons-logging\1.1.1\commons-logging-1.1.1.jar;C:\Users\USUARIO\.m2\repository\org\apache\cxf\cxf-common-schemas\2.2.1\cxf-common-schemas-2.2.1.jar;C:\Users\USUARIO\.m2\repository\org\apache\cxf\cxf-rt-core\2.2.1\cxf-rt-core-2.2.1.jar;C:\Users\USUARIO\.m2\repository\com\sun\xml\bind\jaxb-impl\2.1.9\jaxb-impl-2.1.9.jar;C:\Users\USUARIO\.m2\repository\org\apache\geronimo\specs\geronimo-javamail_1.4_spec\1.6\geronimo-javamail_1.4_spec-1.6.jar;C:\Users\USUARIO\.m2\repository\com\sun\xml\fastinfoset\FastInfoset\1.2.3\FastInfoset-1.2.3.jar;C:\Users\USUARIO\.m2\repository\org\apache\cxf\cxf-rt-bindings-soap\2.2.1\cxf-rt-bindings-soap-2.2.1.jar;C:\Users\USUARIO\.m2\repository\org\apache\cxf\cxf-tools-common\2.2.1\cxf-tools-common-2.2.1.jar;C:\Users\USUARIO\.m2\repository\org\apache\cxf\cxf-rt-databinding-jaxb\2.2.1\cxf-rt-databinding-jaxb-2.2.1.jar;C:\Users\USUARIO\.m2\repository\javax\xml\bind\jaxb-api\2.1\jaxb-api-2.1.jar;C:\Users\USUARIO\.m2\repository\org\apache\cxf\cxf-rt-bindings-xml\2.2.1\cxf-rt-bindings-xml-2.2.1.jar;C:\Users\USUARIO\.m2\repository\org\apache\cxf\cxf-rt-frontend-simple\2.2.1\cxf-rt-frontend-simple-2.2.1.jar;C:\Users\USUARIO\.m2\repository\org\apache\cxf\cxf-rt-ws-addr\2.2.1\cxf-rt-ws-addr-2.2.1.jar;C:\Users\USUARIO\.m2\repository\javax\xml\soap\saaj-api\1.3\saaj-api-1.3.jar;C:\Users\USUARIO\.m2\repository\com\sun\xml\messaging\saaj\saaj-impl\1.3.2\saaj-impl-1.3.2.jar;C:\Users\USUARIO\.m2\repository\org\apache\cxf\cxf-rt-transports-http\2.2.1\cxf-rt-transports-http-2.2.1.jar;C:\Users\USUARIO\.m2\repository\com\thoughtworks\xstream\xstream\1.3.1\xstream-1.3.1.jar;C:\Users\USUARIO\.m2\repository\xpp3\xpp3_min\1.1.4c\xpp3_min-1.1.4c.jar;C:\Users\USUARIO\.m2\repository\org\springframework\spring-jms\3.1.2.RELEASE\spring-jms-3.1.2.RELEASE.jar;"/>
    <property name="java.specification.name" value="Java Platform API Specification"/>
    <property name="java.class.version" value="51.0"/>
    <property name="sun.management.compiler" value="HotSpot Client Compiler"/>
    <property name="os.version" value="6.1"/>
    <property name="user.home" value="C:\Users\USUARIO"/>
    <property name="user.timezone" value="America/Bogota"/>
    <property name="java.awt.printerjob" value="sun.awt.windows.WPrinterJob"/>
    <property name="java.specification.version" value="1.7"/>
    <property name="file.encoding" value="Cp1252"/>
    <property name="user.name" value="USUARIO"/>
    <property name="java.class.path" value="C:\Users\USUARIO\SINSENIOR\sinsenior-webmvc1\target\test-classes;C:\Users\USUARIO\SINSENIOR\sinsenior-webmvc1\target\classes;C:\Users\USUARIO\.m2\repository\org\springframework\spring-core\3.0.5.RELEASE\spring-core-3.0.5.RELEASE.jar;C:\Users\USUARIO\.m2\repository\org\springframework\spring-asm\3.0.5.RELEASE\spring-asm-3.0.5.RELEASE.jar;C:\Users\USUARIO\.m2\repository\org\springframework\spring-test\3.0.5.RELEASE\spring-test-3.0.5.RELEASE.jar;C:\Users\USUARIO\.m2\repository\org\springframework\spring-web\3.0.5.RELEASE\spring-web-3.0.5.RELEASE.jar;C:\Users\USUARIO\.m2\repository\aopalliance\aopalliance\1.0\aopalliance-1.0.jar;C:\Users\USUARIO\.m2\repository\org\springframework\spring-beans\3.0.5.RELEASE\spring-beans-3.0.5.RELEASE.jar;C:\Users\USUARIO\.m2\repository\org\springframework\spring-context\3.0.5.RELEASE\spring-context-3.0.5.RELEASE.jar;C:\Users\USUARIO\.m2\repository\org\springframework\spring-webmvc\3.0.5.RELEASE\spring-webmvc-3.0.5.RELEASE.jar;C:\Users\USUARIO\.m2\repository\org\springframework\spring-expression\3.0.5.RELEASE\spring-expression-3.0.5.RELEASE.jar;C:\Users\USUARIO\.m2\repository\org\springframework\spring-jdbc\3.0.5.RELEASE\spring-jdbc-3.0.5.RELEASE.jar;C:\Users\USUARIO\.m2\repository\org\springframework\spring-tx\3.0.5.RELEASE\spring-tx-3.0.5.RELEASE.jar;C:\Users\USUARIO\.m2\repository\org\springframework\spring-orm\3.0.5.RELEASE\spring-orm-3.0.5.RELEASE.jar;C:\Users\USUARIO\.m2\repository\org\springframework\spring-context-support\3.0.5.RELEASE\spring-context-support-3.0.5.RELEASE.jar;C:\Users\USUARIO\.m2\repository\org\springframework\security\spring-security-core\3.0.5.RELEASE\spring-security-core-3.0.5.RELEASE.jar;C:\Users\USUARIO\.m2\repository\org\springframework\spring-aop\3.0.3.RELEASE\spring-aop-3.0.3.RELEASE.jar;C:\Users\USUARIO\.m2\repository\org\aspectj\aspectjrt\1.6.8\aspectjrt-1.6.8.jar;C:\Users\USUARIO\.m2\repository\org\aspectj\aspectjweaver\1.6.8\aspectjweaver-1.6.8.jar;C:\Users\USUARIO\.m2\repository\org\springframework\security\spring-security-config\3.0.5.RELEASE\spring-security-config-3.0.5.RELEASE.jar;C:\Users\USUARIO\.m2\repository\org\springframework\security\spring-security-web\3.0.5.RELEASE\spring-security-web-3.0.5.RELEASE.jar;C:\Users\USUARIO\.m2\repository\org\springframework\security\spring-security-taglibs\3.0.5.RELEASE\spring-security-taglibs-3.0.5.RELEASE.jar;C:\Users\USUARIO\.m2\repository\org\springframework\security\spring-security-acl\3.0.5.RELEASE\spring-security-acl-3.0.5.RELEASE.jar;C:\Users\USUARIO\.m2\repository\javax\enterprise\cdi-api\1.0-SP1\cdi-api-1.0-SP1.jar;C:\Users\USUARIO\.m2\repository\org\jboss\interceptor\jboss-interceptor-api\1.1\jboss-interceptor-api-1.1.jar;C:\Users\USUARIO\.m2\repository\javax\annotation\jsr250-api\1.0\jsr250-api-1.0.jar;C:\Users\USUARIO\.m2\repository\javax\inject\javax.inject\1\javax.inject-1.jar;C:\Users\USUARIO\.m2\repository\javax\servlet\servlet-api\2.5\servlet-api-2.5.jar;C:\Users\USUARIO\.m2\repository\javax\servlet\jsp\jsp-api\2.1\jsp-api-2.1.jar;C:\Users\USUARIO\.m2\repository\javax\servlet\jstl\1.1.2\jstl-1.1.2.jar;C:\Users\USUARIO\.m2\repository\taglibs\standard\1.1.2\standard-1.1.2.jar;C:\Users\USUARIO\.m2\repository\commons-collections\commons-collections\3.1\commons-collections-3.1.jar;C:\Users\USUARIO\.m2\repository\commons-dbcp\commons-dbcp\1.2.2\commons-dbcp-1.2.2.jar;C:\Users\USUARIO\.m2\repository\commons-pool\commons-pool\1.3\commons-pool-1.3.jar;C:\Users\USUARIO\.m2\repository\org\apache\tiles\tiles-api\2.1.4\tiles-api-2.1.4.jar;C:\Users\USUARIO\.m2\repository\commons-logging\commons-logging-api\1.1\commons-logging-api-1.1.jar;C:\Users\USUARIO\.m2\repository\org\apache\tiles\tiles-core\2.1.4\tiles-core-2.1.4.jar;C:\Users\USUARIO\.m2\repository\commons-digester\commons-digester\1.8.1\commons-digester-1.8.1.jar;C:\Users\USUARIO\.m2\repository\commons-beanutils\commons-beanutils\1.8.0\commons-beanutils-1.8.0.jar;C:\Users\USUARIO\.m2\repository\org\apache\tiles\tiles-jsp\2.1.4\tiles-jsp-2.1.4.jar;C:\Users\USUARIO\.m2\repository\org\apache\tiles\tiles-servlet\2.1.4\tiles-servlet-2.1.4.jar;C:\Users\USUARIO\.m2\repository\org\codehaus\jackson\jackson-mapper-asl\1.6.4\jackson-mapper-asl-1.6.4.jar;C:\Users\USUARIO\.m2\repository\org\codehaus\jackson\jackson-core-asl\1.6.4\jackson-core-asl-1.6.4.jar;C:\Users\USUARIO\.m2\repository\org\hsqldb\hsqldb\2.2.8\hsqldb-2.2.8.jar;C:\Users\USUARIO\.m2\repository\org\slf4j\slf4j-api\1.5.11\slf4j-api-1.5.11.jar;C:\Users\USUARIO\.m2\repository\org\slf4j\jcl-over-slf4j\1.5.11\jcl-over-slf4j-1.5.11.jar;C:\Users\USUARIO\.m2\repository\org\slf4j\slf4j-log4j12\1.5.11\slf4j-log4j12-1.5.11.jar;C:\Users\USUARIO\.m2\repository\log4j\log4j\1.2.16\log4j-1.2.16.jar;C:\Users\USUARIO\.m2\repository\junit\junit\4.8.2\junit-4.8.2.jar;C:\Users\USUARIO\.m2\repository\org\apache\cxf\cxf-rt-frontend-jaxws\2.2.1\cxf-rt-frontend-jaxws-2.2.1.jar;C:\Users\USUARIO\.m2\repository\xml-resolver\xml-resolver\1.2\xml-resolver-1.2.jar;C:\Users\USUARIO\.m2\repository\org\apache\geronimo\specs\geronimo-jaxws_2.1_spec\1.0\geronimo-jaxws_2.1_spec-1.0.jar;C:\Users\USUARIO\.m2\repository\org\apache\geronimo\specs\geronimo-activation_1.1_spec\1.0.2\geronimo-activation_1.1_spec-1.0.2.jar;C:\Users\USUARIO\.m2\repository\org\apache\geronimo\specs\geronimo-ws-metadata_2.0_spec\1.1.2\geronimo-ws-metadata_2.0_spec-1.1.2.jar;C:\Users\USUARIO\.m2\repository\asm\asm\2.2.3\asm-2.2.3.jar;C:\Users\USUARIO\.m2\repository\org\apache\cxf\cxf-api\2.2.1\cxf-api-2.2.1.jar;C:\Users\USUARIO\.m2\repository\org\apache\cxf\cxf-common-utilities\2.2.1\cxf-common-utilities-2.2.1.jar;C:\Users\USUARIO\.m2\repository\org\apache\geronimo\specs\geronimo-stax-api_1.0_spec\1.0.1\geronimo-stax-api_1.0_spec-1.0.1.jar;C:\Users\USUARIO\.m2\repository\wsdl4j\wsdl4j\1.6.2\wsdl4j-1.6.2.jar;C:\Users\USUARIO\.m2\repository\commons-lang\commons-lang\2.4\commons-lang-2.4.jar;C:\Users\USUARIO\.m2\repository\org\apache\ws\commons\schema\XmlSchema\1.4.5\XmlSchema-1.4.5.jar;C:\Users\USUARIO\.m2\repository\org\apache\geronimo\specs\geronimo-annotation_1.0_spec\1.1.1\geronimo-annotation_1.0_spec-1.1.1.jar;C:\Users\USUARIO\.m2\repository\org\codehaus\woodstox\wstx-asl\3.2.8\wstx-asl-3.2.8.jar;C:\Users\USUARIO\.m2\repository\org\apache\neethi\neethi\2.0.4\neethi-2.0.4.jar;C:\Users\USUARIO\.m2\repository\commons-logging\commons-logging\1.1.1\commons-logging-1.1.1.jar;C:\Users\USUARIO\.m2\repository\org\apache\cxf\cxf-common-schemas\2.2.1\cxf-common-schemas-2.2.1.jar;C:\Users\USUARIO\.m2\repository\org\apache\cxf\cxf-rt-core\2.2.1\cxf-rt-core-2.2.1.jar;C:\Users\USUARIO\.m2\repository\com\sun\xml\bind\jaxb-impl\2.1.9\jaxb-impl-2.1.9.jar;C:\Users\USUARIO\.m2\repository\org\apache\geronimo\specs\geronimo-javamail_1.4_spec\1.6\geronimo-javamail_1.4_spec-1.6.jar;C:\Users\USUARIO\.m2\repository\com\sun\xml\fastinfoset\FastInfoset\1.2.3\FastInfoset-1.2.3.jar;C:\Users\USUARIO\.m2\repository\org\apache\cxf\cxf-rt-bindings-soap\2.2.1\cxf-rt-bindings-soap-2.2.1.jar;C:\Users\USUARIO\.m2\repository\org\apache\cxf\cxf-tools-common\2.2.1\cxf-tools-common-2.2.1.jar;C:\Users\USUARIO\.m2\repository\org\apache\cxf\cxf-rt-databinding-jaxb\2.2.1\cxf-rt-databinding-jaxb-2.2.1.jar;C:\Users\USUARIO\.m2\repository\javax\xml\bind\jaxb-api\2.1\jaxb-api-2.1.jar;C:\Users\USUARIO\.m2\repository\org\apache\cxf\cxf-rt-bindings-xml\2.2.1\cxf-rt-bindings-xml-2.2.1.jar;C:\Users\USUARIO\.m2\repository\org\apache\cxf\cxf-rt-frontend-simple\2.2.1\cxf-rt-frontend-simple-2.2.1.jar;C:\Users\USUARIO\.m2\repository\org\apache\cxf\cxf-rt-ws-addr\2.2.1\cxf-rt-ws-addr-2.2.1.jar;C:\Users\USUARIO\.m2\repository\javax\xml\soap\saaj-api\1.3\saaj-api-1.3.jar;C:\Users\USUARIO\.m2\repository\com\sun\xml\messaging\saaj\saaj-impl\1.3.2\saaj-impl-1.3.2.jar;C:\Users\USUARIO\.m2\repository\org\apache\cxf\cxf-rt-transports-http\2.2.1\cxf-rt-transports-http-2.2.1.jar;C:\Users\USUARIO\.m2\repository\com\thoughtworks\xstream\xstream\1.3.1\xstream-1.3.1.jar;C:\Users\USUARIO\.m2\repository\xpp3\xpp3_min\1.1.4c\xpp3_min-1.1.4c.jar;C:\Users\USUARIO\.m2\repository\org\springframework\spring-jms\3.1.2.RELEASE\spring-jms-3.1.2.RELEASE.jar;"/>
    <property name="java.vm.specification.version" value="1.7"/>
    <property name="sun.arch.data.model" value="32"/>
    <property name="java.home" value="C:\Program Files\Java\jdk1.7.0_05\jre"/>
    <property name="sun.java.command" value="C:\Users\USUARIO\SINSENIOR\sinsenior-webmvc1\target\surefire\surefirebooter5069110940714775430.jar C:\Users\USUARIO\SINSENIOR\sinsenior-webmvc1\target\surefire\surefire5962459734941570249tmp C:\Users\USUARIO\SINSENIOR\sinsenior-webmvc1\target\surefire\surefire189787576097815120tmp"/>
    <property name="java.specification.vendor" value="Oracle Corporation"/>
    <property name="user.language" value="es"/>
    <property name="awt.toolkit" value="sun.awt.windows.WToolkit"/>
    <property name="java.vm.info" value="mixed mode, sharing"/>
    <property name="java.version" value="1.7.0_05"/>
    <property name="java.ext.dirs" value="C:\Program Files\Java\jdk1.7.0_05\jre\lib\ext;C:\Windows\Sun\Java\lib\ext"/>
    <property name="sun.boot.class.path" value="C:\Program Files\Java\jdk1.7.0_05\jre\lib\resources.jar;C:\Program Files\Java\jdk1.7.0_05\jre\lib\rt.jar;C:\Program Files\Java\jdk1.7.0_05\jre\lib\sunrsasign.jar;C:\Program Files\Java\jdk1.7.0_05\jre\lib\jsse.jar;C:\Program Files\Java\jdk1.7.0_05\jre\lib\jce.jar;C:\Program Files\Java\jdk1.7.0_05\jre\lib\charsets.jar;C:\Program Files\Java\jdk1.7.0_05\jre\lib\jfr.jar;C:\Program Files\Java\jdk1.7.0_05\jre\classes"/>
    <property name="java.vendor" value="Oracle Corporation"/>
    <property name="localRepository" value="C:\Users\USUARIO\.m2\repository"/>
    <property name="file.separator" value="\"/>
    <property name="java.vendor.url.bug" value="http://bugreport.sun.com/bugreport/"/>
    <property name="sun.cpu.endian" value="little"/>
    <property name="sun.io.unicode.encoding" value="UnicodeLittle"/>
    <property name="sun.desktop" value="windows"/>
    <property name="sun.cpu.isalist" value="pentium_pro+mmx pentium_pro pentium+mmx pentium i486 i386 i86"/>
  </properties>
  <testcase time="2.593" classname="edu.upc.galaxy.test.UsuarioDaoTest" name="testInsertarUsuario"/>
</testsuite>