<?xml version="1.0" encoding="UTF-8"?>
<TestRun id="dca1f8a4-d9b0-47ef-9da6-79dfb0b55c90" name="dmarquez@PEDXPLIM024 2012-08-15 09:51:58" runUser="ATC\dmarquez" xmlns="http://microsoft.com/schemas/VisualStudio/TeamTest/2010">
  <TestSettings name="Local" id="8903f2c7-ae1b-4e15-a6aa-b39c034b0735">
    <Description>These are default test settings for a local test run.</Description>
    <Deployment enabled="false" runDeploymentRoot="dmarquez_PEDXPLIM024 2012-08-15 09_51_58" />
    <Execution>
      <TestTypeSpecific />
      <AgentRule name="Execution Agents">
      </AgentRule>
    </Execution>
  </TestSettings>
  <Times creation="2012-08-15T09:51:58.4356250-05:00" queuing="2012-08-15T09:52:02.9356250-05:00" start="2012-08-15T09:52:03.2793750-05:00" finish="2012-08-15T10:22:51.5293750-05:00" />
  <ResultSummary outcome="Error">
    <Counters total="2" executed="1" error="0" failed="0" timeout="0" aborted="1" inconclusive="0" passedButRunAborted="0" notRunnable="0" notExecuted="1" disconnected="0" warning="0" passed="0" completed="0" inProgress="0" pending="0" />
    <RunInfos>
      <RunInfo computerName="PEDXPLIM024" outcome="Error" timestamp="2012-08-15T10:22:51.4200000-05:00">
        <Text>Test host process exited unexpectedly.</Text>
      </RunInfo>
    </RunInfos>
  </ResultSummary>
  <TestDefinitions>
    <UnitTest name="ValidarpersonaN" storage="c:\documents and settings\dmarquez.atc\mis documentos\visual studio 2010\projects\infocorp\test\bin\debug\test.dll" id="3c197a76-0e74-dfd4-96fd-d8d058c91b32">
      <Execution id="9d46de6c-2bf9-4982-a98b-a32796d9e942" />
      <TestMethod codeBase="c:/documents and settings/dmarquez.atc/mis documentos/visual studio 2010/Projects/INFOCORP/tEST/bin/Debug/tEST.DLL" adapterTypeName="Microsoft.VisualStudio.TestTools.TestTypes.Unit.UnitTestAdapter, Microsoft.VisualStudio.QualityTools.Tips.UnitTest.Adapter, Version=10.0.0.0, Culture=neutral, PublicKeyToken=b03f5f7f11d50a3a" className="RegInfocorp.Test, tEST, Version=1.0.0.0, Culture=neutral, PublicKeyToken=null" name="ValidarpersonaN" />
    </UnitTest>
    <UnitTest name="ValidarpersonaJ" storage="c:\documents and settings\dmarquez.atc\mis documentos\visual studio 2010\projects\infocorp\test\bin\debug\test.dll" id="c5e83fa0-c72c-4316-f41d-8dd3adc8ca86">
      <Execution id="e4d513db-8ffe-455b-817d-57f5f4f2c287" />
      <TestMethod codeBase="c:/documents and settings/dmarquez.atc/mis documentos/visual studio 2010/Projects/INFOCORP/tEST/bin/Debug/tEST.DLL" adapterTypeName="Microsoft.VisualStudio.TestTools.TestTypes.Unit.UnitTestAdapter, Microsoft.VisualStudio.QualityTools.Tips.UnitTest.Adapter, Version=10.0.0.0, Culture=neutral, PublicKeyToken=b03f5f7f11d50a3a" className="RegInfocorp.Test, tEST, Version=1.0.0.0, Culture=neutral, PublicKeyToken=null" name="ValidarpersonaJ" />
    </UnitTest>
  </TestDefinitions>
  <TestLists>
    <TestList name="Results Not in a List" id="8c84fa94-04c1-424b-9868-57a2d4851a1d" />
    <TestList name="All Loaded Results" id="19431567-8539-422a-85d7-44ee4e166bda" />
  </TestLists>
  <TestEntries>
    <TestEntry testId="3c197a76-0e74-dfd4-96fd-d8d058c91b32" executionId="9d46de6c-2bf9-4982-a98b-a32796d9e942" testListId="8c84fa94-04c1-424b-9868-57a2d4851a1d" />
    <TestEntry testId="c5e83fa0-c72c-4316-f41d-8dd3adc8ca86" executionId="e4d513db-8ffe-455b-817d-57f5f4f2c287" testListId="8c84fa94-04c1-424b-9868-57a2d4851a1d" />
  </TestEntries>
  <Results>
    <UnitTestResult executionId="9d46de6c-2bf9-4982-a98b-a32796d9e942" testId="3c197a76-0e74-dfd4-96fd-d8d058c91b32" testName="ValidarpersonaN" computerName="PEDXPLIM024" duration="00:30:48.1406250" startTime="2012-08-15T09:52:03.3575000-05:00" endTime="2012-08-15T10:22:51.4981250-05:00" testType="13cdc9d9-ddb5-4fa4-a97d-d965ccfc6d4b" outcome="Aborted" testListId="8c84fa94-04c1-424b-9868-57a2d4851a1d" relativeResultsDirectory="9d46de6c-2bf9-4982-a98b-a32796d9e942">
    </UnitTestResult>
    <UnitTestResult executionId="e4d513db-8ffe-455b-817d-57f5f4f2c287" testId="c5e83fa0-c72c-4316-f41d-8dd3adc8ca86" testName="ValidarpersonaJ" computerName="PEDXPLIM024" testType="13cdc9d9-ddb5-4fa4-a97d-d965ccfc6d4b" outcome="NotExecuted" testListId="8c84fa94-04c1-424b-9868-57a2d4851a1d" relativeResultsDirectory="e4d513db-8ffe-455b-817d-57f5f4f2c287">
    </UnitTestResult>
  </Results>
</TestRun>