<?xml version="1.0" encoding="UTF-8"?>
<TestRun id="6b3b13f4-e7c6-4249-b22e-7f7b49eba3d2" name="USUARIO@DENISSE 2012-08-17 12:55:17" runUser="DENISSE\USUARIO" xmlns="http://microsoft.com/schemas/VisualStudio/TeamTest/2010">
  <TestSettings name="Local" id="8903f2c7-ae1b-4e15-a6aa-b39c034b0735">
    <Description>These are default test settings for a local test run.</Description>
    <Deployment enabled="false" runDeploymentRoot="USUARIO_DENISSE 2012-08-17 12_55_17" />
    <Execution>
      <TestTypeSpecific />
      <AgentRule name="Execution Agents">
      </AgentRule>
    </Execution>
  </TestSettings>
  <Times creation="2012-08-17T12:55:17.0834362-05:00" queuing="2012-08-17T12:55:20.0716071-05:00" start="2012-08-17T12:55:20.3736243-05:00" finish="2012-08-17T12:55:23.1057806-05:00" />
  <ResultSummary outcome="Completed">
    <Counters total="2" executed="2" passed="2" error="0" failed="0" timeout="0" aborted="0" inconclusive="0" passedButRunAborted="0" notRunnable="0" notExecuted="0" disconnected="0" warning="0" completed="0" inProgress="0" pending="0" />
  </ResultSummary>
  <TestDefinitions>
    <UnitTest name="ValidarpersonaJ" storage="c:\users\usuario\sinsenior\infocorp\test\bin\debug\test.dll" id="c5e83fa0-c72c-4316-f41d-8dd3adc8ca86">
      <Execution id="38beb2d4-9691-45c9-b8ea-d6c1aa9cf0c7" />
      <TestMethod codeBase="C:/Users/USUARIO/SINSENIOR/INFOCORP/tEST/bin/Debug/tEST.DLL" adapterTypeName="Microsoft.VisualStudio.TestTools.TestTypes.Unit.UnitTestAdapter, Microsoft.VisualStudio.QualityTools.Tips.UnitTest.Adapter, Version=10.0.0.0, Culture=neutral, PublicKeyToken=b03f5f7f11d50a3a" className="RegInfocorp.Test, tEST, Version=1.0.0.0, Culture=neutral, PublicKeyToken=null" name="ValidarpersonaJ" />
    </UnitTest>
    <UnitTest name="ValidarpersonaN" storage="c:\users\usuario\sinsenior\infocorp\test\bin\debug\test.dll" id="3c197a76-0e74-dfd4-96fd-d8d058c91b32">
      <Execution id="157f1c10-9ac2-4830-809f-25ccf1408d38" />
      <TestMethod codeBase="C:/Users/USUARIO/SINSENIOR/INFOCORP/tEST/bin/Debug/tEST.DLL" adapterTypeName="Microsoft.VisualStudio.TestTools.TestTypes.Unit.UnitTestAdapter, Microsoft.VisualStudio.QualityTools.Tips.UnitTest.Adapter, Version=10.0.0.0, Culture=neutral, PublicKeyToken=b03f5f7f11d50a3a" className="RegInfocorp.Test, tEST, Version=1.0.0.0, Culture=neutral, PublicKeyToken=null" name="ValidarpersonaN" />
    </UnitTest>
  </TestDefinitions>
  <TestLists>
    <TestList name="Results Not in a List" id="8c84fa94-04c1-424b-9868-57a2d4851a1d" />
    <TestList name="All Loaded Results" id="19431567-8539-422a-85d7-44ee4e166bda" />
  </TestLists>
  <TestEntries>
    <TestEntry testId="c5e83fa0-c72c-4316-f41d-8dd3adc8ca86" executionId="38beb2d4-9691-45c9-b8ea-d6c1aa9cf0c7" testListId="8c84fa94-04c1-424b-9868-57a2d4851a1d" />
    <TestEntry testId="3c197a76-0e74-dfd4-96fd-d8d058c91b32" executionId="157f1c10-9ac2-4830-809f-25ccf1408d38" testListId="8c84fa94-04c1-424b-9868-57a2d4851a1d" />
  </TestEntries>
  <Results>
    <UnitTestResult executionId="38beb2d4-9691-45c9-b8ea-d6c1aa9cf0c7" testId="c5e83fa0-c72c-4316-f41d-8dd3adc8ca86" testName="ValidarpersonaJ" computerName="DENISSE" duration="00:00:01.1500515" startTime="2012-08-17T12:55:20.5436341-05:00" endTime="2012-08-17T12:55:22.7167584-05:00" testType="13cdc9d9-ddb5-4fa4-a97d-d965ccfc6d4b" outcome="Passed" testListId="8c84fa94-04c1-424b-9868-57a2d4851a1d" relativeResultsDirectory="38beb2d4-9691-45c9-b8ea-d6c1aa9cf0c7">
    </UnitTestResult>
    <UnitTestResult executionId="157f1c10-9ac2-4830-809f-25ccf1408d38" testId="3c197a76-0e74-dfd4-96fd-d8d058c91b32" testName="ValidarpersonaN" computerName="DENISSE" duration="00:00:00.0044710" startTime="2012-08-17T12:55:22.7387596-05:00" endTime="2012-08-17T12:55:22.8467658-05:00" testType="13cdc9d9-ddb5-4fa4-a97d-d965ccfc6d4b" outcome="Passed" testListId="8c84fa94-04c1-424b-9868-57a2d4851a1d" relativeResultsDirectory="157f1c10-9ac2-4830-809f-25ccf1408d38">
    </UnitTestResult>
  </Results>
</TestRun>