<?xml version="1.0" encoding="UTF-8"?>
<TestRun id="204a8416-f778-43f4-8961-b31742fbe7a2" name="dmarquez@PEDXPLIM024 2012-08-15 08:37:54" runUser="ATC\dmarquez" xmlns="http://microsoft.com/schemas/VisualStudio/TeamTest/2010">
  <TestSettings name="Local" id="fa7bb22e-17ee-4b73-ace1-f9c325cbd9d8">
    <Description>These are default test settings for a local test run.</Description>
    <Deployment enabled="false" runDeploymentRoot="dmarquez_PEDXPLIM024 2012-08-15 08_37_54" />
    <Execution>
      <TestTypeSpecific />
      <AgentRule name="Execution Agents">
      </AgentRule>
    </Execution>
  </TestSettings>
  <Times creation="2012-08-15T08:37:54.2793750-05:00" queuing="2012-08-15T08:37:54.5293750-05:00" start="2012-08-15T08:37:54.5606250-05:00" finish="2012-08-15T08:37:54.9512500-05:00" />
  <ResultSummary outcome="Completed">
    <Counters total="1" executed="1" passed="1" error="0" failed="0" timeout="0" aborted="0" inconclusive="0" passedButRunAborted="0" notRunnable="0" notExecuted="0" disconnected="0" warning="0" completed="0" inProgress="0" pending="0" />
  </ResultSummary>
  <TestDefinitions>
    <UnitTest name="Validarpersona" storage="c:\documents and settings\dmarquez.atc\mis documentos\visual studio 2010\projects\registrospublicos\resttest\bin\debug\resttest.dll" id="8f675266-33c6-c0cf-6e2d-7421992d2a40">
      <Execution id="c42d4a81-eed5-4b5c-94d9-8584dfe7a001" />
      <TestMethod codeBase="c:/documents and settings/dmarquez.atc/mis documentos/visual studio 2010/Projects/RegistrosPublicos/RestTest/bin/Debug/RestTest.DLL" adapterTypeName="Microsoft.VisualStudio.TestTools.TestTypes.Unit.UnitTestAdapter, Microsoft.VisualStudio.QualityTools.Tips.UnitTest.Adapter, Version=10.0.0.0, Culture=neutral, PublicKeyToken=b03f5f7f11d50a3a" className="RestTest.RegPublicosTest, RestTest, Version=1.0.0.0, Culture=neutral, PublicKeyToken=null" name="Validarpersona" />
    </UnitTest>
  </TestDefinitions>
  <TestLists>
    <TestList name="Results Not in a List" id="8c84fa94-04c1-424b-9868-57a2d4851a1d" />
    <TestList name="All Loaded Results" id="19431567-8539-422a-85d7-44ee4e166bda" />
  </TestLists>
  <TestEntries>
    <TestEntry testId="8f675266-33c6-c0cf-6e2d-7421992d2a40" executionId="c42d4a81-eed5-4b5c-94d9-8584dfe7a001" testListId="8c84fa94-04c1-424b-9868-57a2d4851a1d" />
  </TestEntries>
  <Results>
    <UnitTestResult executionId="c42d4a81-eed5-4b5c-94d9-8584dfe7a001" testId="8f675266-33c6-c0cf-6e2d-7421992d2a40" testName="Validarpersona" computerName="PEDXPLIM024" duration="00:00:00.0380638" startTime="2012-08-15T08:37:54.5762500-05:00" endTime="2012-08-15T08:37:54.9356250-05:00" testType="13cdc9d9-ddb5-4fa4-a97d-d965ccfc6d4b" outcome="Passed" testListId="8c84fa94-04c1-424b-9868-57a2d4851a1d" relativeResultsDirectory="c42d4a81-eed5-4b5c-94d9-8584dfe7a001">
    </UnitTestResult>
  </Results>
</TestRun>