<?xml version="1.0" encoding="UTF-8"?>
<TestRun id="e9c8f294-f162-483d-964b-3136686b1538" name="dmarquez@PEDXPLIM024 2012-08-15 16:11:15" runUser="ATC\dmarquez" xmlns="http://microsoft.com/schemas/VisualStudio/TeamTest/2010">
  <TestSettings name="Default Test Settings" id="7f25f44a-bd9a-4cf0-bbde-7ee080542839">
    <Execution>
      <TestTypeSpecific />
      <AgentRule name="Execution Agents">
      </AgentRule>
    </Execution>
    <Deployment runDeploymentRoot="dmarquez_PEDXPLIM024 2012-08-15 16_11_15" />
  </TestSettings>
  <Times creation="2012-08-15T16:11:15.5918750-05:00" queuing="2012-08-15T16:11:26.0293750-05:00" start="2012-08-15T16:11:26.4825000-05:00" finish="2012-08-15T16:11:48.5450000-05:00" />
  <ResultSummary outcome="Completed">
    <Counters total="2" executed="2" passed="2" error="0" failed="0" timeout="0" aborted="0" inconclusive="0" passedButRunAborted="0" notRunnable="0" notExecuted="0" disconnected="0" warning="0" completed="0" inProgress="0" pending="0" />
  </ResultSummary>
  <TestDefinitions>
    <UnitTest name="ValidarpersonaN" storage="c:\documents and settings\dmarquez.atc\sinsenior\registrospublicos\resttest\bin\debug\resttest.dll" id="0e0b68cd-c71c-60c2-a9cf-ebbd9968489f">
      <Execution id="f4f8b4ae-ec92-4f87-9015-b4d1cc5ee3e4" />
      <TestMethod codeBase="C:/Documents and Settings/dmarquez.ATC/SINSENIOR/RegistrosPublicos/RestTest/bin/Debug/RestTest.DLL" adapterTypeName="Microsoft.VisualStudio.TestTools.TestTypes.Unit.UnitTestAdapter, Microsoft.VisualStudio.QualityTools.Tips.UnitTest.Adapter, Version=10.0.0.0, Culture=neutral, PublicKeyToken=b03f5f7f11d50a3a" className="RestTest.RegPublicosTest, RestTest, Version=1.0.0.0, Culture=neutral, PublicKeyToken=null" name="ValidarpersonaN" />
    </UnitTest>
    <UnitTest name="ValidarpersonaJ" storage="c:\documents and settings\dmarquez.atc\sinsenior\registrospublicos\resttest\bin\debug\resttest.dll" id="fe0a106e-72a0-bac8-d1e3-d4c7186742e7">
      <Execution id="733c54cb-a975-480f-aa7e-a26ed019bbba" />
      <TestMethod codeBase="C:/Documents and Settings/dmarquez.ATC/SINSENIOR/RegistrosPublicos/RestTest/bin/Debug/RestTest.DLL" adapterTypeName="Microsoft.VisualStudio.TestTools.TestTypes.Unit.UnitTestAdapter, Microsoft.VisualStudio.QualityTools.Tips.UnitTest.Adapter, Version=10.0.0.0, Culture=neutral, PublicKeyToken=b03f5f7f11d50a3a" className="RestTest.RegPublicosTest, RestTest, Version=1.0.0.0, Culture=neutral, PublicKeyToken=null" name="ValidarpersonaJ" />
    </UnitTest>
  </TestDefinitions>
  <TestLists>
    <TestList name="Results Not in a List" id="8c84fa94-04c1-424b-9868-57a2d4851a1d" />
    <TestList name="All Loaded Results" id="19431567-8539-422a-85d7-44ee4e166bda" />
  </TestLists>
  <TestEntries>
    <TestEntry testId="0e0b68cd-c71c-60c2-a9cf-ebbd9968489f" executionId="f4f8b4ae-ec92-4f87-9015-b4d1cc5ee3e4" testListId="8c84fa94-04c1-424b-9868-57a2d4851a1d" />
    <TestEntry testId="fe0a106e-72a0-bac8-d1e3-d4c7186742e7" executionId="733c54cb-a975-480f-aa7e-a26ed019bbba" testListId="8c84fa94-04c1-424b-9868-57a2d4851a1d" />
  </TestEntries>
  <Results>
    <UnitTestResult executionId="f4f8b4ae-ec92-4f87-9015-b4d1cc5ee3e4" testId="0e0b68cd-c71c-60c2-a9cf-ebbd9968489f" testName="ValidarpersonaN" computerName="PEDXPLIM024" duration="00:00:16.3997936" startTime="2012-08-15T16:11:26.5450000-05:00" endTime="2012-08-15T16:11:46.2793750-05:00" testType="13cdc9d9-ddb5-4fa4-a97d-d965ccfc6d4b" outcome="Passed" testListId="8c84fa94-04c1-424b-9868-57a2d4851a1d" relativeResultsDirectory="f4f8b4ae-ec92-4f87-9015-b4d1cc5ee3e4">
    </UnitTestResult>
    <UnitTestResult executionId="733c54cb-a975-480f-aa7e-a26ed019bbba" testId="fe0a106e-72a0-bac8-d1e3-d4c7186742e7" testName="ValidarpersonaJ" computerName="PEDXPLIM024" duration="00:00:00.0035834" startTime="2012-08-15T16:11:46.2950000-05:00" endTime="2012-08-15T16:11:46.3262500-05:00" testType="13cdc9d9-ddb5-4fa4-a97d-d965ccfc6d4b" outcome="Passed" testListId="8c84fa94-04c1-424b-9868-57a2d4851a1d" relativeResultsDirectory="733c54cb-a975-480f-aa7e-a26ed019bbba">
    </UnitTestResult>
  </Results>
</TestRun>