<?xml version="1.0" encoding="UTF-8"?>
<TestRun id="69bb5ead-3d6d-463a-97de-80d7c350e0e6" name="dmarquez@PEDXPLIM024 2012-08-16 08:58:32" runUser="ATC\dmarquez" xmlns="http://microsoft.com/schemas/VisualStudio/TeamTest/2010">
  <TestSettings name="Default Test Settings" id="dc6b8084-b015-426d-9101-0dfa3d2346ee">
    <Execution>
      <TestTypeSpecific />
      <AgentRule name="Execution Agents">
      </AgentRule>
    </Execution>
    <Deployment runDeploymentRoot="dmarquez_PEDXPLIM024 2012-08-16 08_58_32" />
  </TestSettings>
  <Times creation="2012-08-16T08:58:32.0918750-05:00" queuing="2012-08-16T08:58:33.6231250-05:00" start="2012-08-16T08:58:33.7168750-05:00" finish="2012-08-16T08:58:36.3262500-05:00" />
  <ResultSummary outcome="Completed">
    <Counters total="2" executed="2" passed="2" error="0" failed="0" timeout="0" aborted="0" inconclusive="0" passedButRunAborted="0" notRunnable="0" notExecuted="0" disconnected="0" warning="0" completed="0" inProgress="0" pending="0" />
  </ResultSummary>
  <TestDefinitions>
    <UnitTest name="ValidarpersonaN" storage="c:\documents and settings\dmarquez.atc\sinsenior\registrospublicos\resttest\bin\debug\resttest.dll" id="0e0b68cd-c71c-60c2-a9cf-ebbd9968489f">
      <Execution id="7dbd49f2-5387-4a99-a110-d911eb5b8bc3" />
      <TestMethod codeBase="C:/Documents and Settings/dmarquez.ATC/SINSENIOR/RegistrosPublicos/RestTest/bin/Debug/RestTest.DLL" adapterTypeName="Microsoft.VisualStudio.TestTools.TestTypes.Unit.UnitTestAdapter, Microsoft.VisualStudio.QualityTools.Tips.UnitTest.Adapter, Version=10.0.0.0, Culture=neutral, PublicKeyToken=b03f5f7f11d50a3a" className="RestTest.RegPublicosTest, RestTest, Version=1.0.0.0, Culture=neutral, PublicKeyToken=null" name="ValidarpersonaN" />
    </UnitTest>
    <UnitTest name="ValidarpersonaJ" storage="c:\documents and settings\dmarquez.atc\sinsenior\registrospublicos\resttest\bin\debug\resttest.dll" id="fe0a106e-72a0-bac8-d1e3-d4c7186742e7">
      <Execution id="911bf4f9-f083-4f0e-83f3-0820301364b7" />
      <TestMethod codeBase="C:/Documents and Settings/dmarquez.ATC/SINSENIOR/RegistrosPublicos/RestTest/bin/Debug/RestTest.DLL" adapterTypeName="Microsoft.VisualStudio.TestTools.TestTypes.Unit.UnitTestAdapter, Microsoft.VisualStudio.QualityTools.Tips.UnitTest.Adapter, Version=10.0.0.0, Culture=neutral, PublicKeyToken=b03f5f7f11d50a3a" className="RestTest.RegPublicosTest, RestTest, Version=1.0.0.0, Culture=neutral, PublicKeyToken=null" name="ValidarpersonaJ" />
    </UnitTest>
  </TestDefinitions>
  <TestLists>
    <TestList name="Results Not in a List" id="8c84fa94-04c1-424b-9868-57a2d4851a1d" />
    <TestList name="All Loaded Results" id="19431567-8539-422a-85d7-44ee4e166bda" />
  </TestLists>
  <TestEntries>
    <TestEntry testId="0e0b68cd-c71c-60c2-a9cf-ebbd9968489f" executionId="7dbd49f2-5387-4a99-a110-d911eb5b8bc3" testListId="8c84fa94-04c1-424b-9868-57a2d4851a1d" />
    <TestEntry testId="fe0a106e-72a0-bac8-d1e3-d4c7186742e7" executionId="911bf4f9-f083-4f0e-83f3-0820301364b7" testListId="8c84fa94-04c1-424b-9868-57a2d4851a1d" />
  </TestEntries>
  <Results>
    <UnitTestResult executionId="7dbd49f2-5387-4a99-a110-d911eb5b8bc3" testId="0e0b68cd-c71c-60c2-a9cf-ebbd9968489f" testName="ValidarpersonaN" computerName="PEDXPLIM024" duration="00:00:01.4006298" startTime="2012-08-16T08:58:33.7637500-05:00" endTime="2012-08-16T08:58:35.9200000-05:00" testType="13cdc9d9-ddb5-4fa4-a97d-d965ccfc6d4b" outcome="Passed" testListId="8c84fa94-04c1-424b-9868-57a2d4851a1d" relativeResultsDirectory="7dbd49f2-5387-4a99-a110-d911eb5b8bc3">
    </UnitTestResult>
    <UnitTestResult executionId="911bf4f9-f083-4f0e-83f3-0820301364b7" testId="fe0a106e-72a0-bac8-d1e3-d4c7186742e7" testName="ValidarpersonaJ" computerName="PEDXPLIM024" duration="00:00:00.0049326" startTime="2012-08-16T08:58:35.9200000-05:00" endTime="2012-08-16T08:58:35.9512500-05:00" testType="13cdc9d9-ddb5-4fa4-a97d-d965ccfc6d4b" outcome="Passed" testListId="8c84fa94-04c1-424b-9868-57a2d4851a1d" relativeResultsDirectory="911bf4f9-f083-4f0e-83f3-0820301364b7">
    </UnitTestResult>
  </Results>
</TestRun>