<?xml version="1.0" encoding="UTF-8"?>
<TestRun id="39e2fc7e-1566-4329-bcce-727ea27cd461" name="dmarquez@PEDXPLIM024 2012-08-15 08:38:54" runUser="ATC\dmarquez" xmlns="http://microsoft.com/schemas/VisualStudio/TeamTest/2010">
  <TestSettings name="Local" id="fa7bb22e-17ee-4b73-ace1-f9c325cbd9d8">
    <Description>These are default test settings for a local test run.</Description>
    <Deployment enabled="false" runDeploymentRoot="dmarquez_PEDXPLIM024 2012-08-15 08_38_54" />
    <Execution>
      <TestTypeSpecific />
      <AgentRule name="Execution Agents">
      </AgentRule>
    </Execution>
  </TestSettings>
  <Times creation="2012-08-15T08:38:54.4356250-05:00" queuing="2012-08-15T08:38:55.6700000-05:00" start="2012-08-15T08:38:55.7481250-05:00" finish="2012-08-15T08:38:56.6856250-05:00" />
  <ResultSummary outcome="Completed">
    <Counters total="2" executed="2" passed="2" error="0" failed="0" timeout="0" aborted="0" inconclusive="0" passedButRunAborted="0" notRunnable="0" notExecuted="0" disconnected="0" warning="0" completed="0" inProgress="0" pending="0" />
  </ResultSummary>
  <TestDefinitions>
    <UnitTest name="ValidarpersonaN" storage="c:\documents and settings\dmarquez.atc\mis documentos\visual studio 2010\projects\registrospublicos\resttest\bin\debug\resttest.dll" id="0e0b68cd-c71c-60c2-a9cf-ebbd9968489f">
      <Execution id="321f6742-c3ae-4f78-91d4-d8c64f38e563" />
      <TestMethod codeBase="c:/documents and settings/dmarquez.atc/mis documentos/visual studio 2010/Projects/RegistrosPublicos/RestTest/bin/Debug/RestTest.DLL" adapterTypeName="Microsoft.VisualStudio.TestTools.TestTypes.Unit.UnitTestAdapter, Microsoft.VisualStudio.QualityTools.Tips.UnitTest.Adapter, Version=10.0.0.0, Culture=neutral, PublicKeyToken=b03f5f7f11d50a3a" className="RestTest.RegPublicosTest, RestTest, Version=1.0.0.0, Culture=neutral, PublicKeyToken=null" name="ValidarpersonaN" />
    </UnitTest>
    <UnitTest name="ValidarpersonaJ" storage="c:\documents and settings\dmarquez.atc\mis documentos\visual studio 2010\projects\registrospublicos\resttest\bin\debug\resttest.dll" id="fe0a106e-72a0-bac8-d1e3-d4c7186742e7">
      <Execution id="236cbcba-0e7b-47a5-83d3-9a6579440240" />
      <TestMethod codeBase="c:/documents and settings/dmarquez.atc/mis documentos/visual studio 2010/Projects/RegistrosPublicos/RestTest/bin/Debug/RestTest.DLL" adapterTypeName="Microsoft.VisualStudio.TestTools.TestTypes.Unit.UnitTestAdapter, Microsoft.VisualStudio.QualityTools.Tips.UnitTest.Adapter, Version=10.0.0.0, Culture=neutral, PublicKeyToken=b03f5f7f11d50a3a" className="RestTest.RegPublicosTest, RestTest, Version=1.0.0.0, Culture=neutral, PublicKeyToken=null" name="ValidarpersonaJ" />
    </UnitTest>
  </TestDefinitions>
  <TestLists>
    <TestList name="Results Not in a List" id="8c84fa94-04c1-424b-9868-57a2d4851a1d" />
    <TestList name="All Loaded Results" id="19431567-8539-422a-85d7-44ee4e166bda" />
  </TestLists>
  <TestEntries>
    <TestEntry testId="0e0b68cd-c71c-60c2-a9cf-ebbd9968489f" executionId="321f6742-c3ae-4f78-91d4-d8c64f38e563" testListId="8c84fa94-04c1-424b-9868-57a2d4851a1d" />
    <TestEntry testId="fe0a106e-72a0-bac8-d1e3-d4c7186742e7" executionId="236cbcba-0e7b-47a5-83d3-9a6579440240" testListId="8c84fa94-04c1-424b-9868-57a2d4851a1d" />
  </TestEntries>
  <Results>
    <UnitTestResult executionId="321f6742-c3ae-4f78-91d4-d8c64f38e563" testId="0e0b68cd-c71c-60c2-a9cf-ebbd9968489f" testName="ValidarpersonaN" computerName="PEDXPLIM024" duration="00:00:00.0556254" startTime="2012-08-15T08:38:55.7950000-05:00" endTime="2012-08-15T08:38:56.5450000-05:00" testType="13cdc9d9-ddb5-4fa4-a97d-d965ccfc6d4b" outcome="Passed" testListId="8c84fa94-04c1-424b-9868-57a2d4851a1d" relativeResultsDirectory="321f6742-c3ae-4f78-91d4-d8c64f38e563">
    </UnitTestResult>
    <UnitTestResult executionId="236cbcba-0e7b-47a5-83d3-9a6579440240" testId="fe0a106e-72a0-bac8-d1e3-d4c7186742e7" testName="ValidarpersonaJ" computerName="PEDXPLIM024" duration="00:00:00.0030562" startTime="2012-08-15T08:38:56.5762500-05:00" endTime="2012-08-15T08:38:56.5918750-05:00" testType="13cdc9d9-ddb5-4fa4-a97d-d965ccfc6d4b" outcome="Passed" testListId="8c84fa94-04c1-424b-9868-57a2d4851a1d" relativeResultsDirectory="236cbcba-0e7b-47a5-83d3-9a6579440240">
    </UnitTestResult>
  </Results>
</TestRun>