<?xml version="1.0" encoding="UTF-8"?>
<TestRun id="2f44c074-9942-435c-a2c2-42f54f755e1a" name="dmarquez@PEDXPLIM024 2012-08-16 08:58:44" runUser="ATC\dmarquez" xmlns="http://microsoft.com/schemas/VisualStudio/TeamTest/2010">
  <TestSettings name="Default Test Settings" id="c123011b-d293-4546-9c67-9679d66edbfe">
    <Execution>
      <TestTypeSpecific />
      <AgentRule name="Execution Agents">
      </AgentRule>
    </Execution>
    <Deployment runDeploymentRoot="dmarquez_PEDXPLIM024 2012-08-16 08_58_44" />
  </TestSettings>
  <Times creation="2012-08-16T08:58:44.2168750-05:00" queuing="2012-08-16T08:58:45.4043750-05:00" start="2012-08-16T08:58:45.4825000-05:00" finish="2012-08-16T08:58:46.3887500-05:00" />
  <ResultSummary outcome="Completed">
    <Counters total="2" executed="2" passed="2" error="0" failed="0" timeout="0" aborted="0" inconclusive="0" passedButRunAborted="0" notRunnable="0" notExecuted="0" disconnected="0" warning="0" completed="0" inProgress="0" pending="0" />
  </ResultSummary>
  <TestDefinitions>
    <UnitTest name="ValidarpersonaN" storage="c:\documents and settings\dmarquez.atc\sinsenior\registrospublicos\resttest\bin\debug\resttest.dll" id="0e0b68cd-c71c-60c2-a9cf-ebbd9968489f">
      <Execution id="a2829bea-9d44-4aea-9974-d01fe4eb7e28" />
      <TestMethod codeBase="C:/Documents and Settings/dmarquez.ATC/SINSENIOR/RegistrosPublicos/RestTest/bin/Debug/RestTest.DLL" adapterTypeName="Microsoft.VisualStudio.TestTools.TestTypes.Unit.UnitTestAdapter, Microsoft.VisualStudio.QualityTools.Tips.UnitTest.Adapter, Version=10.0.0.0, Culture=neutral, PublicKeyToken=b03f5f7f11d50a3a" className="RestTest.RegPublicosTest, RestTest, Version=1.0.0.0, Culture=neutral, PublicKeyToken=null" name="ValidarpersonaN" />
    </UnitTest>
    <UnitTest name="ValidarpersonaJ" storage="c:\documents and settings\dmarquez.atc\sinsenior\registrospublicos\resttest\bin\debug\resttest.dll" id="fe0a106e-72a0-bac8-d1e3-d4c7186742e7">
      <Execution id="c53eb12b-5904-4d1b-98c9-2e588df49c55" />
      <TestMethod codeBase="C:/Documents and Settings/dmarquez.ATC/SINSENIOR/RegistrosPublicos/RestTest/bin/Debug/RestTest.DLL" adapterTypeName="Microsoft.VisualStudio.TestTools.TestTypes.Unit.UnitTestAdapter, Microsoft.VisualStudio.QualityTools.Tips.UnitTest.Adapter, Version=10.0.0.0, Culture=neutral, PublicKeyToken=b03f5f7f11d50a3a" className="RestTest.RegPublicosTest, RestTest, Version=1.0.0.0, Culture=neutral, PublicKeyToken=null" name="ValidarpersonaJ" />
    </UnitTest>
  </TestDefinitions>
  <TestLists>
    <TestList name="Results Not in a List" id="8c84fa94-04c1-424b-9868-57a2d4851a1d" />
    <TestList name="All Loaded Results" id="19431567-8539-422a-85d7-44ee4e166bda" />
  </TestLists>
  <TestEntries>
    <TestEntry testId="0e0b68cd-c71c-60c2-a9cf-ebbd9968489f" executionId="a2829bea-9d44-4aea-9974-d01fe4eb7e28" testListId="8c84fa94-04c1-424b-9868-57a2d4851a1d" />
    <TestEntry testId="fe0a106e-72a0-bac8-d1e3-d4c7186742e7" executionId="c53eb12b-5904-4d1b-98c9-2e588df49c55" testListId="8c84fa94-04c1-424b-9868-57a2d4851a1d" />
  </TestEntries>
  <Results>
    <UnitTestResult executionId="a2829bea-9d44-4aea-9974-d01fe4eb7e28" testId="0e0b68cd-c71c-60c2-a9cf-ebbd9968489f" testName="ValidarpersonaN" computerName="PEDXPLIM024" duration="00:00:00.0561436" startTime="2012-08-16T08:58:45.5293750-05:00" endTime="2012-08-16T08:58:46.2793750-05:00" testType="13cdc9d9-ddb5-4fa4-a97d-d965ccfc6d4b" outcome="Passed" testListId="8c84fa94-04c1-424b-9868-57a2d4851a1d" relativeResultsDirectory="a2829bea-9d44-4aea-9974-d01fe4eb7e28">
    </UnitTestResult>
    <UnitTestResult executionId="c53eb12b-5904-4d1b-98c9-2e588df49c55" testId="fe0a106e-72a0-bac8-d1e3-d4c7186742e7" testName="ValidarpersonaJ" computerName="PEDXPLIM024" duration="00:00:00.0032352" startTime="2012-08-16T08:58:46.2950000-05:00" endTime="2012-08-16T08:58:46.3106250-05:00" testType="13cdc9d9-ddb5-4fa4-a97d-d965ccfc6d4b" outcome="Passed" testListId="8c84fa94-04c1-424b-9868-57a2d4851a1d" relativeResultsDirectory="c53eb12b-5904-4d1b-98c9-2e588df49c55">
    </UnitTestResult>
  </Results>
</TestRun>