<?xml version="1.0" encoding="UTF-8"?>
<TestRun id="5fb3e2e0-11cd-4390-a717-3fd5629a80d9" name="USUARIO@DENISSE 2012-08-17 12:48:10" runUser="DENISSE\USUARIO" xmlns="http://microsoft.com/schemas/VisualStudio/TeamTest/2010">
  <TestSettings name="Default Test Settings" id="0c519db0-8c2b-44df-a9b4-e15ffc1e77a8">
    <Execution>
      <TestTypeSpecific />
      <AgentRule name="Execution Agents">
      </AgentRule>
    </Execution>
    <Deployment runDeploymentRoot="USUARIO_DENISSE 2012-08-17 12_48_10" />
  </TestSettings>
  <Times creation="2012-08-17T12:48:10.8400564-05:00" queuing="2012-08-17T12:48:16.9504059-05:00" start="2012-08-17T12:48:17.3374281-05:00" finish="2012-08-17T12:48:59.0088115-05:00" />
  <ResultSummary outcome="Error">
    <Counters total="2" executed="2" error="0" failed="1" timeout="0" aborted="1" inconclusive="0" passedButRunAborted="0" notRunnable="0" notExecuted="0" disconnected="0" warning="0" passed="0" completed="0" inProgress="0" pending="0" />
    <RunInfos>
      <RunInfo computerName="DENISSE" outcome="Error" timestamp="2012-08-17T12:48:59.0028112-05:00">
        <Text>Test host process exited unexpectedly.</Text>
      </RunInfo>
    </RunInfos>
  </ResultSummary>
  <TestDefinitions>
    <UnitTest name="ValidarpersonaN" storage="c:\users\usuario\sinsenior\registrospublicos\resttest\bin\debug\resttest.dll" id="0e0b68cd-c71c-60c2-a9cf-ebbd9968489f">
      <Execution id="a1ea57c6-290b-492c-8bf4-f0cad5dbed93" />
      <TestMethod codeBase="C:/Users/USUARIO/SINSENIOR/RegistrosPublicos/RestTest/bin/Debug/RestTest.DLL" adapterTypeName="Microsoft.VisualStudio.TestTools.TestTypes.Unit.UnitTestAdapter, Microsoft.VisualStudio.QualityTools.Tips.UnitTest.Adapter, Version=10.0.0.0, Culture=neutral, PublicKeyToken=b03f5f7f11d50a3a" className="RestTest.RegPublicosTest, RestTest, Version=1.0.0.0, Culture=neutral, PublicKeyToken=null" name="ValidarpersonaN" />
    </UnitTest>
    <UnitTest name="ValidarpersonaJ" storage="c:\users\usuario\sinsenior\registrospublicos\resttest\bin\debug\resttest.dll" id="fe0a106e-72a0-bac8-d1e3-d4c7186742e7">
      <Execution id="0959b74e-c263-4952-8352-5cac9c88a7a1" />
      <TestMethod codeBase="C:/Users/USUARIO/SINSENIOR/RegistrosPublicos/RestTest/bin/Debug/RestTest.DLL" adapterTypeName="Microsoft.VisualStudio.TestTools.TestTypes.Unit.UnitTestAdapter, Microsoft.VisualStudio.QualityTools.Tips.UnitTest.Adapter, Version=10.0.0.0, Culture=neutral, PublicKeyToken=b03f5f7f11d50a3a" className="RestTest.RegPublicosTest, RestTest, Version=1.0.0.0, Culture=neutral, PublicKeyToken=null" name="ValidarpersonaJ" />
    </UnitTest>
  </TestDefinitions>
  <TestLists>
    <TestList name="Results Not in a List" id="8c84fa94-04c1-424b-9868-57a2d4851a1d" />
    <TestList name="All Loaded Results" id="19431567-8539-422a-85d7-44ee4e166bda" />
  </TestLists>
  <TestEntries>
    <TestEntry testId="0e0b68cd-c71c-60c2-a9cf-ebbd9968489f" executionId="a1ea57c6-290b-492c-8bf4-f0cad5dbed93" testListId="8c84fa94-04c1-424b-9868-57a2d4851a1d" />
    <TestEntry testId="fe0a106e-72a0-bac8-d1e3-d4c7186742e7" executionId="0959b74e-c263-4952-8352-5cac9c88a7a1" testListId="8c84fa94-04c1-424b-9868-57a2d4851a1d" />
  </TestEntries>
  <Results>
    <UnitTestResult executionId="a1ea57c6-290b-492c-8bf4-f0cad5dbed93" testId="0e0b68cd-c71c-60c2-a9cf-ebbd9968489f" testName="ValidarpersonaN" computerName="DENISSE" duration="00:00:35.0564818" startTime="2012-08-17T12:48:17.5384396-05:00" endTime="2012-08-17T12:48:53.9325212-05:00" testType="13cdc9d9-ddb5-4fa4-a97d-d965ccfc6d4b" outcome="Failed" testListId="8c84fa94-04c1-424b-9868-57a2d4851a1d" relativeResultsDirectory="a1ea57c6-290b-492c-8bf4-f0cad5dbed93">
      <Output>
        <ErrorInfo>
          <Message>Assert.AreEqual failed. Expected:&lt;"¬CASA AV. LA MARINA 3205 SAN MIGUEL 2 HABITACIONES, 2 BAÑOS, 2 PISOS¬¬DEPARTAMENTO AV. ANDRES REYES 437 SAN ISIDRO 5 HABITACIONES, 2 BAÑOS, 6 PISOS¬"&gt;. Actual:&lt;";AV. LA MARINA 3205 SAN MIGUEL CASA 2 HABITACIONES, 2 BAÑOS, 2 PISOS;AV. ANDRES REYES 437 SAN ISIDRO DEPARTAMENTO 5 HABITACIONES, 2 BAÑOS, 6 PISOS"&gt;. </Message>
          <StackTrace>   en RestTest.RegPublicosTest.ValidarpersonaN() en C:\Users\USUARIO\SINSENIOR\RegistrosPublicos\RestTest\UnitTest1.cs:línea 26
</StackTrace>
        </ErrorInfo>
      </Output>
    </UnitTestResult>
    <UnitTestResult executionId="0959b74e-c263-4952-8352-5cac9c88a7a1" testId="fe0a106e-72a0-bac8-d1e3-d4c7186742e7" testName="ValidarpersonaJ" computerName="DENISSE" duration="00:00:05.0502889" startTime="2012-08-17T12:48:53.9575226-05:00" endTime="2012-08-17T12:48:59.0078115-05:00" testType="13cdc9d9-ddb5-4fa4-a97d-d965ccfc6d4b" outcome="Aborted" testListId="8c84fa94-04c1-424b-9868-57a2d4851a1d" relativeResultsDirectory="0959b74e-c263-4952-8352-5cac9c88a7a1">
    </UnitTestResult>
  </Results>
</TestRun>