<?xml version="1.0" encoding="UTF-8"?>
<TestRun id="4736adcf-feea-474f-ba3c-dce6f480cc52" name="USUARIO@DENISSE 2012-08-17 12:51:45" runUser="DENISSE\USUARIO" xmlns="http://microsoft.com/schemas/VisualStudio/TeamTest/2010">
  <TestSettings name="Default Test Settings" id="db7b41e4-0d46-4124-ae2e-913c469f9ffa">
    <Execution>
      <TestTypeSpecific />
      <AgentRule name="Execution Agents">
      </AgentRule>
    </Execution>
    <Deployment runDeploymentRoot="USUARIO_DENISSE 2012-08-17 12_51_45" />
  </TestSettings>
  <Times creation="2012-08-17T12:51:45.9603606-05:00" queuing="2012-08-17T12:51:49.0535375-05:00" start="2012-08-17T12:51:49.3045519-05:00" finish="2012-08-17T12:51:51.8276962-05:00" />
  <ResultSummary outcome="Completed">
    <Counters total="2" executed="2" passed="2" error="0" failed="0" timeout="0" aborted="0" inconclusive="0" passedButRunAborted="0" notRunnable="0" notExecuted="0" disconnected="0" warning="0" completed="0" inProgress="0" pending="0" />
  </ResultSummary>
  <TestDefinitions>
    <UnitTest name="ValidarpersonaN" storage="c:\users\usuario\sinsenior\registrospublicos\resttest\bin\debug\resttest.dll" id="0e0b68cd-c71c-60c2-a9cf-ebbd9968489f">
      <Execution id="c662651d-6327-4aae-a8c4-ad176bd4a01b" />
      <TestMethod codeBase="C:/Users/USUARIO/SINSENIOR/RegistrosPublicos/RestTest/bin/Debug/RestTest.DLL" adapterTypeName="Microsoft.VisualStudio.TestTools.TestTypes.Unit.UnitTestAdapter, Microsoft.VisualStudio.QualityTools.Tips.UnitTest.Adapter, Version=10.0.0.0, Culture=neutral, PublicKeyToken=b03f5f7f11d50a3a" className="RestTest.RegPublicosTest, RestTest, Version=1.0.0.0, Culture=neutral, PublicKeyToken=null" name="ValidarpersonaN" />
    </UnitTest>
    <UnitTest name="ValidarpersonaJ" storage="c:\users\usuario\sinsenior\registrospublicos\resttest\bin\debug\resttest.dll" id="fe0a106e-72a0-bac8-d1e3-d4c7186742e7">
      <Execution id="856b0c0a-49b8-417b-9330-877079f1e3d9" />
      <TestMethod codeBase="C:/Users/USUARIO/SINSENIOR/RegistrosPublicos/RestTest/bin/Debug/RestTest.DLL" adapterTypeName="Microsoft.VisualStudio.TestTools.TestTypes.Unit.UnitTestAdapter, Microsoft.VisualStudio.QualityTools.Tips.UnitTest.Adapter, Version=10.0.0.0, Culture=neutral, PublicKeyToken=b03f5f7f11d50a3a" className="RestTest.RegPublicosTest, RestTest, Version=1.0.0.0, Culture=neutral, PublicKeyToken=null" name="ValidarpersonaJ" />
    </UnitTest>
  </TestDefinitions>
  <TestLists>
    <TestList name="Results Not in a List" id="8c84fa94-04c1-424b-9868-57a2d4851a1d" />
    <TestList name="All Loaded Results" id="19431567-8539-422a-85d7-44ee4e166bda" />
  </TestLists>
  <TestEntries>
    <TestEntry testId="0e0b68cd-c71c-60c2-a9cf-ebbd9968489f" executionId="c662651d-6327-4aae-a8c4-ad176bd4a01b" testListId="8c84fa94-04c1-424b-9868-57a2d4851a1d" />
    <TestEntry testId="fe0a106e-72a0-bac8-d1e3-d4c7186742e7" executionId="856b0c0a-49b8-417b-9330-877079f1e3d9" testListId="8c84fa94-04c1-424b-9868-57a2d4851a1d" />
  </TestEntries>
  <Results>
    <UnitTestResult executionId="c662651d-6327-4aae-a8c4-ad176bd4a01b" testId="0e0b68cd-c71c-60c2-a9cf-ebbd9968489f" testName="ValidarpersonaN" computerName="DENISSE" duration="00:00:01.1516103" startTime="2012-08-17T12:51:49.4485601-05:00" endTime="2012-08-17T12:51:51.5446800-05:00" testType="13cdc9d9-ddb5-4fa4-a97d-d965ccfc6d4b" outcome="Passed" testListId="8c84fa94-04c1-424b-9868-57a2d4851a1d" relativeResultsDirectory="c662651d-6327-4aae-a8c4-ad176bd4a01b">
    </UnitTestResult>
    <UnitTestResult executionId="856b0c0a-49b8-417b-9330-877079f1e3d9" testId="fe0a106e-72a0-bac8-d1e3-d4c7186742e7" testName="ValidarpersonaJ" computerName="DENISSE" duration="00:00:00.0031822" startTime="2012-08-17T12:51:51.5696814-05:00" endTime="2012-08-17T12:51:51.5916827-05:00" testType="13cdc9d9-ddb5-4fa4-a97d-d965ccfc6d4b" outcome="Passed" testListId="8c84fa94-04c1-424b-9868-57a2d4851a1d" relativeResultsDirectory="856b0c0a-49b8-417b-9330-877079f1e3d9">
    </UnitTestResult>
  </Results>
</TestRun>